# JRE version: Java(TM) SE Runtime Environment (8.0_162-b12) (build 1.8.0_162-b12)
# Java VM: Java HotSpot(TM) 64-Bit Server VM (25.162-b12 mixed mode linux-amd64 compressed oops)
Heap:
 PSYoungGen      total 374784K, used 164792K [0x00000000e1780000, 0x00000000fd200000, 0x0000000100000000)
  eden space 357888K, 44% used [0x00000000e1780000,0x00000000eb3880b8,0x00000000f7500000)
  from space 16896K, 29% used [0x00000000f7500000,0x00000000f79e60a0,0x00000000f8580000)
  to   space 16896K, 0% used [0x00000000fc180000,0x00000000fc180000,0x00000000fd200000)
 ParOldGen       total 69120K, used 38074K [0x00000000a4600000, 0x00000000a8980000, 0x00000000e1780000)
  object space 69120K, 55% used [0x00000000a4600000,0x00000000a6b2e830,0x00000000a8980000)
 Metaspace       used 52908K, capacity 55356K, committed 55552K, reserved 1097728K
  class space    used 7164K, capacity 7615K, committed 7680K, reserved 1048576K
GC Heap History (10 events):
Event: 9,449 GC heap before
{Heap before GC invocations=13 (full 2):
 PSYoungGen      total 240640K, used 240269K [0x00000000e1780000, 0x00000000f1c80000, 0x0000000100000000)
  eden space 226816K, 100% used [0x00000000e1780000,0x00000000ef500000,0x00000000ef500000)
  from space 13824K, 97% used [0x00000000f0f00000,0x00000000f1c236d0,0x00000000f1c80000)
  to   space 18432K, 0% used [0x00000000ef880000,0x00000000ef880000,0x00000000f0a80000)
 ParOldGen       total 69120K, used 23453K [0x00000000a4600000, 0x00000000a8980000, 0x00000000e1780000)
  object space 69120K, 33% used [0x00000000a4600000,0x00000000a5ce76e8,0x00000000a8980000)
 Metaspace       used 45836K, capacity 47990K, committed 48256K, reserved 1091584K
  class space    used 6300K, capacity 6704K, committed 6784K, reserved 1048576K
Event: 9,472 GC heap after
Heap after GC invocations=13 (full 2):
 PSYoungGen      total 248832K, used 11879K [0x00000000e1780000, 0x00000000f6200000, 0x0000000100000000)
  eden space 230400K, 0% used [0x00000000e1780000,0x00000000e1780000,0x00000000ef880000)
  from space 18432K, 64% used [0x00000000ef880000,0x00000000f0419f70,0x00000000f0a80000)
  to   space 18944K, 0% used [0x00000000f4f80000,0x00000000f4f80000,0x00000000f6200000)
 ParOldGen       total 69120K, used 28835K [0x00000000a4600000, 0x00000000a8980000, 0x00000000e1780000)
  object space 69120K, 41% used [0x00000000a4600000,0x00000000a6228cf0,0x00000000a8980000)
 Metaspace       used 45836K, capacity 47990K, committed 48256K, reserved 1091584K
  class space    used 6300K, capacity 6704K, committed 6784K, reserved 1048576K
}
Event: 16,206 GC heap before
{Heap before GC invocations=14 (full 2):
 PSYoungGen      total 248832K, used 242279K [0x00000000e1780000, 0x00000000f6200000, 0x0000000100000000)
  eden space 230400K, 100% used [0x00000000e1780000,0x00000000ef880000,0x00000000ef880000)
  from space 18432K, 64% used [0x00000000ef880000,0x00000000f0419f70,0x00000000f0a80000)
  to   space 18944K, 0% used [0x00000000f4f80000,0x00000000f4f80000,0x00000000f6200000)
 ParOldGen       total 69120K, used 28835K [0x00000000a4600000, 0x00000000a8980000, 0x00000000e1780000)
  object space 69120K, 41% used [0x00000000a4600000,0x00000000a6228cf0,0x00000000a8980000)
 Metaspace       used 48718K, capacity 51006K, committed 51072K, reserved 1093632K
  class space    used 6621K, capacity 7038K, committed 7040K, reserved 1048576K
Event: 16,234 GC heap after
Heap after GC invocations=14 (full 2):
 PSYoungGen      total 309248K, used 6049K [0x00000000e1780000, 0x00000000f5c00000, 0x0000000100000000)
  eden space 296448K, 0% used [0x00000000e1780000,0x00000000e1780000,0x00000000f3900000)
  from space 12800K, 47% used [0x00000000f4f80000,0x00000000f5568418,0x00000000f5c00000)
  to   space 17920K, 0% used [0x00000000f3900000,0x00000000f3900000,0x00000000f4a80000)
 ParOldGen       total 69120K, used 37071K [0x00000000a4600000, 0x00000000a8980000, 0x00000000e1780000)
  object space 69120K, 53% used [0x00000000a4600000,0x00000000a6a33e00,0x00000000a8980000)
 Metaspace       used 48718K, capacity 51006K, committed 51072K, reserved 1093632K
  class space    used 6621K, capacity 7038K, committed 7040K, reserved 1048576K
}
Event: 25,354 GC heap before
{Heap before GC invocations=15 (full 2):
 PSYoungGen      total 309248K, used 302497K [0x00000000e1780000, 0x00000000f5c00000, 0x0000000100000000)
  eden space 296448K, 100% used [0x00000000e1780000,0x00000000f3900000,0x00000000f3900000)
  from space 12800K, 47% used [0x00000000f4f80000,0x00000000f5568418,0x00000000f5c00000)
  to   space 17920K, 0% used [0x00000000f3900000,0x00000000f3900000,0x00000000f4a80000)
 ParOldGen       total 69120K, used 37071K [0x00000000a4600000, 0x00000000a8980000, 0x00000000e1780000)
  object space 69120K, 53% used [0x00000000a4600000,0x00000000a6a33e00,0x00000000a8980000)
 Metaspace       used 52901K, capacity 55292K, committed 55552K, reserved 1097728K
  class space    used 7162K, capacity 7615K, committed 7680K, reserved 1048576K
Event: 25,367 GC heap after
Heap after GC invocations=15 (full 2):
 PSYoungGen      total 314368K, used 8499K [0x00000000e1780000, 0x00000000fa280000, 0x0000000100000000)
  eden space 296448K, 0% used [0x00000000e1780000,0x00000000e1780000,0x00000000f3900000)
  from space 17920K, 47% used [0x00000000f3900000,0x00000000f414cdf0,0x00000000f4a80000)
  to   space 17408K, 0% used [0x00000000f9180000,0x00000000f9180000,0x00000000fa280000)
 ParOldGen       total 69120K, used 38058K [0x00000000a4600000, 0x00000000a8980000, 0x00000000e1780000)
  object space 69120K, 55% used [0x00000000a4600000,0x00000000a6b2a830,0x00000000a8980000)
 Metaspace       used 52901K, capacity 55292K, committed 55552K, reserved 1097728K
  class space    used 7162K, capacity 7615K, committed 7680K, reserved 1048576K
}
Event: 34,419 GC heap before
{Heap before GC invocations=16 (full 2):
 PSYoungGen      total 314368K, used 304947K [0x00000000e1780000, 0x00000000fa280000, 0x0000000100000000)
  eden space 296448K, 100% used [0x00000000e1780000,0x00000000f3900000,0x00000000f3900000)
  from space 17920K, 47% used [0x00000000f3900000,0x00000000f414cdf0,0x00000000f4a80000)
  to   space 17408K, 0% used [0x00000000f9180000,0x00000000f9180000,0x00000000fa280000)
 ParOldGen       total 69120K, used 38058K [0x00000000a4600000, 0x00000000a8980000, 0x00000000e1780000)
  object space 69120K, 55% used [0x00000000a4600000,0x00000000a6b2a830,0x00000000a8980000)
 Metaspace       used 52908K, capacity 55356K, committed 55552K, reserved 1097728K
  class space    used 7164K, capacity 7615K, committed 7680K, reserved 1048576K
Event: 34,425 GC heap after
Heap after GC invocations=16 (full 2):
 PSYoungGen      total 362496K, used 3888K [0x00000000e1780000, 0x00000000f9600000, 0x0000000100000000)
  eden space 357888K, 0% used [0x00000000e1780000,0x00000000e1780000,0x00000000f7500000)
  from space 4608K, 84% used [0x00000000f9180000,0x00000000f954c0a0,0x00000000f9600000)
  to   space 16896K, 0% used [0x00000000f7500000,0x00000000f7500000,0x00000000f8580000)
 ParOldGen       total 69120K, used 38066K [0x00000000a4600000, 0x00000000a8980000, 0x00000000e1780000)
  object space 69120K, 55% used [0x00000000a4600000,0x00000000a6b2c830,0x00000000a8980000)
 Metaspace       used 52908K, capacity 55356K, committed 55552K, reserved 1097728K
  class space    used 7164K, capacity 7615K, committed 7680K, reserved 1048576K
}
Event: 44,881 GC heap before
{Heap before GC invocations=17 (full 2):
 PSYoungGen      total 362496K, used 361776K [0x00000000e1780000, 0x00000000f9600000, 0x0000000100000000)
  eden space 357888K, 100% used [0x00000000e1780000,0x00000000f7500000,0x00000000f7500000)
  from space 4608K, 84% used [0x00000000f9180000,0x00000000f954c0a0,0x00000000f9600000)
  to   space 16896K, 0% used [0x00000000f7500000,0x00000000f7500000,0x00000000f8580000)
 ParOldGen       total 69120K, used 38066K [0x00000000a4600000, 0x00000000a8980000, 0x00000000e1780000)
  object space 69120K, 55% used [0x00000000a4600000,0x00000000a6b2c830,0x00000000a8980000)
 Metaspace       used 52908K, capacity 55356K, committed 55552K, reserved 1097728K
  class space    used 7164K, capacity 7615K, committed 7680K, reserved 1048576K
Event: 44,887 GC heap after
Heap after GC invocations=17 (full 2):
 PSYoungGen      total 374784K, used 5016K [0x00000000e1780000, 0x00000000fd200000, 0x0000000100000000)
  eden space 357888K, 0% used [0x00000000e1780000,0x00000000e1780000,0x00000000f7500000)
  from space 16896K, 29% used [0x00000000f7500000,0x00000000f79e60a0,0x00000000f8580000)
  to   space 16896K, 0% used [0x00000000fc180000,0x00000000fc180000,0x00000000fd200000)
 ParOldGen       total 69120K, used 38074K [0x00000000a4600000, 0x00000000a8980000, 0x00000000e1780000)
  object space 69120K, 55% used [0x00000000a4600000,0x00000000a6b2e830,0x00000000a8980000)
 Metaspace       used 52908K, capacity 55356K, committed 55552K, reserved 1097728K
  class space    used 7164K, capacity 7615K, committed 7680K, reserved 1048576K
}

