# JRE version: Java(TM) SE Runtime Environment (8.0_162-b12) (build 1.8.0_162-b12)
# Java VM: Java HotSpot(TM) 64-Bit Server VM (25.162-b12 mixed mode linux-amd64 compressed oops)
Heap:
 PSYoungGen      total 297472K, used 149555K [0x00000000e1780000, 0x00000000f7180000, 0x0000000100000000)
  eden space 282112K, 53% used [0x00000000e1780000,0x00000000ea98cd78,0x00000000f2b00000)
  from space 15360K, 0% used [0x00000000f3d00000,0x00000000f3d00000,0x00000000f4c00000)
  to   space 18432K, 0% used [0x00000000f2b00000,0x00000000f2b00000,0x00000000f3d00000)
 ParOldGen       total 71680K, used 21587K [0x00000000a4600000, 0x00000000a8c00000, 0x00000000e1780000)
  object space 71680K, 30% used [0x00000000a4600000,0x00000000a5b14d80,0x00000000a8c00000)
 Metaspace       used 42839K, capacity 44476K, committed 44672K, reserved 1087488K
  class space    used 5843K, capacity 6186K, committed 6272K, reserved 1048576K
GC Heap History (10 events):
Event: 1,728 GC heap before
{Heap before GC invocations=6 (full 1):
 PSYoungGen      total 99840K, used 3552K [0x00000000e1780000, 0x00000000ee680000, 0x0000000100000000)
  eden space 96256K, 0% used [0x00000000e1780000,0x00000000e1780000,0x00000000e7580000)
  from space 3584K, 99% used [0x00000000e7580000,0x00000000e78f8040,0x00000000e7900000)
  to   space 9728K, 0% used [0x00000000edd00000,0x00000000edd00000,0x00000000ee680000)
 ParOldGen       total 62976K, used 10306K [0x00000000a4600000, 0x00000000a8380000, 0x00000000e1780000)
  object space 62976K, 16% used [0x00000000a4600000,0x00000000a5010930,0x00000000a8380000)
 Metaspace       used 20535K, capacity 21216K, committed 21296K, reserved 1067008K
  class space    used 2740K, capacity 2905K, committed 2944K, reserved 1048576K
Event: 1,766 GC heap after
Heap after GC invocations=6 (full 1):
 PSYoungGen      total 99840K, used 0K [0x00000000e1780000, 0x00000000ee680000, 0x0000000100000000)
  eden space 96256K, 0% used [0x00000000e1780000,0x00000000e1780000,0x00000000e7580000)
  from space 3584K, 0% used [0x00000000e7580000,0x00000000e7580000,0x00000000e7900000)
  to   space 9728K, 0% used [0x00000000edd00000,0x00000000edd00000,0x00000000ee680000)
 ParOldGen       total 42496K, used 6497K [0x00000000a4600000, 0x00000000a6f80000, 0x00000000e1780000)
  object space 42496K, 15% used [0x00000000a4600000,0x00000000a4c58600,0x00000000a6f80000)
 Metaspace       used 20535K, capacity 21216K, committed 21296K, reserved 1067008K
  class space    used 2740K, capacity 2905K, committed 2944K, reserved 1048576K
}
Event: 2,322 GC heap before
{Heap before GC invocations=7 (full 1):
 PSYoungGen      total 99840K, used 96256K [0x00000000e1780000, 0x00000000ee680000, 0x0000000100000000)
  eden space 96256K, 100% used [0x00000000e1780000,0x00000000e7580000,0x00000000e7580000)
  from space 3584K, 0% used [0x00000000e7580000,0x00000000e7580000,0x00000000e7900000)
  to   space 9728K, 0% used [0x00000000edd00000,0x00000000edd00000,0x00000000ee680000)
 ParOldGen       total 42496K, used 6497K [0x00000000a4600000, 0x00000000a6f80000, 0x00000000e1780000)
  object space 42496K, 15% used [0x00000000a4600000,0x00000000a4c58600,0x00000000a6f80000)
 Metaspace       used 23223K, capacity 24114K, committed 24448K, reserved 1071104K
  class space    used 3119K, capacity 3355K, committed 3456K, reserved 1048576K
Event: 2,330 GC heap after
Heap after GC invocations=7 (full 1):
 PSYoungGen      total 176128K, used 8031K [0x00000000e1780000, 0x00000000ee500000, 0x0000000100000000)
  eden space 167936K, 0% used [0x00000000e1780000,0x00000000e1780000,0x00000000ebb80000)
  from space 8192K, 98% used [0x00000000edd00000,0x00000000ee4d7f68,0x00000000ee500000)
  to   space 10752K, 0% used [0x00000000ed000000,0x00000000ed000000,0x00000000eda80000)
 ParOldGen       total 42496K, used 6569K [0x00000000a4600000, 0x00000000a6f80000, 0x00000000e1780000)
  object space 42496K, 15% used [0x00000000a4600000,0x00000000a4c6a610,0x00000000a6f80000)
 Metaspace       used 23223K, capacity 24114K, committed 24448K, reserved 1071104K
  class space    used 3119K, capacity 3355K, committed 3456K, reserved 1048576K
}
Event: 3,709 GC heap before
{Heap before GC invocations=8 (full 1):
 PSYoungGen      total 176128K, used 175967K [0x00000000e1780000, 0x00000000ee500000, 0x0000000100000000)
  eden space 167936K, 100% used [0x00000000e1780000,0x00000000ebb80000,0x00000000ebb80000)
  from space 8192K, 98% used [0x00000000edd00000,0x00000000ee4d7f68,0x00000000ee500000)
  to   space 10752K, 0% used [0x00000000ed000000,0x00000000ed000000,0x00000000eda80000)
 ParOldGen       total 42496K, used 6569K [0x00000000a4600000, 0x00000000a6f80000, 0x00000000e1780000)
  object space 42496K, 15% used [0x00000000a4600000,0x00000000a4c6a610,0x00000000a6f80000)
 Metaspace       used 29291K, capacity 30846K, committed 30976K, reserved 1075200K
  class space    used 3960K, capacity 4301K, committed 4352K, reserved 1048576K
Event: 3,729 GC heap after
Heap after GC invocations=8 (full 1):
 PSYoungGen      total 199680K, used 10751K [0x00000000e1780000, 0x00000000f4c00000, 0x0000000100000000)
  eden space 188928K, 0% used [0x00000000e1780000,0x00000000e1780000,0x00000000ed000000)
  from space 10752K, 99% used [0x00000000ed000000,0x00000000eda7fdb0,0x00000000eda80000)
  to   space 15360K, 0% used [0x00000000f3d00000,0x00000000f3d00000,0x00000000f4c00000)
 ParOldGen       total 42496K, used 12226K [0x00000000a4600000, 0x00000000a6f80000, 0x00000000e1780000)
  object space 42496K, 28% used [0x00000000a4600000,0x00000000a51f0b30,0x00000000a6f80000)
 Metaspace       used 29291K, capacity 30846K, committed 30976K, reserved 1075200K
  class space    used 3960K, capacity 4301K, committed 4352K, reserved 1048576K
}
Event: 4,618 GC heap before
{Heap before GC invocations=9 (full 1):
 PSYoungGen      total 199680K, used 102487K [0x00000000e1780000, 0x00000000f4c00000, 0x0000000100000000)
  eden space 188928K, 48% used [0x00000000e1780000,0x00000000e7116238,0x00000000ed000000)
  from space 10752K, 99% used [0x00000000ed000000,0x00000000eda7fdb0,0x00000000eda80000)
  to   space 15360K, 0% used [0x00000000f3d00000,0x00000000f3d00000,0x00000000f4c00000)
 ParOldGen       total 42496K, used 12226K [0x00000000a4600000, 0x00000000a6f80000, 0x00000000e1780000)
  object space 42496K, 28% used [0x00000000a4600000,0x00000000a51f0b30,0x00000000a6f80000)
 Metaspace       used 33882K, capacity 35442K, committed 35496K, reserved 1079296K
  class space    used 4512K, capacity 4843K, committed 4864K, reserved 1048576K
Event: 4,648 GC heap after
Heap after GC invocations=9 (full 1):
 PSYoungGen      total 297472K, used 15354K [0x00000000e1780000, 0x00000000f7180000, 0x0000000100000000)
  eden space 282112K, 0% used [0x00000000e1780000,0x00000000e1780000,0x00000000f2b00000)
  from space 15360K, 99% used [0x00000000f3d00000,0x00000000f4bfebb8,0x00000000f4c00000)
  to   space 18432K, 0% used [0x00000000f2b00000,0x00000000f2b00000,0x00000000f3d00000)
 ParOldGen       total 42496K, used 13357K [0x00000000a4600000, 0x00000000a6f80000, 0x00000000e1780000)
  object space 42496K, 31% used [0x00000000a4600000,0x00000000a530b560,0x00000000a6f80000)
 Metaspace       used 33882K, capacity 35442K, committed 35496K, reserved 1079296K
  class space    used 4512K, capacity 4843K, committed 4864K, reserved 1048576K
}
Event: 4,648 GC heap before
{Heap before GC invocations=10 (full 2):
 PSYoungGen      total 297472K, used 15354K [0x00000000e1780000, 0x00000000f7180000, 0x0000000100000000)
  eden space 282112K, 0% used [0x00000000e1780000,0x00000000e1780000,0x00000000f2b00000)
  from space 15360K, 99% used [0x00000000f3d00000,0x00000000f4bfebb8,0x00000000f4c00000)
  to   space 18432K, 0% used [0x00000000f2b00000,0x00000000f2b00000,0x00000000f3d00000)
 ParOldGen       total 42496K, used 13357K [0x00000000a4600000, 0x00000000a6f80000, 0x00000000e1780000)
  object space 42496K, 31% used [0x00000000a4600000,0x00000000a530b560,0x00000000a6f80000)
 Metaspace       used 33882K, capacity 35442K, committed 35496K, reserved 1079296K
  class space    used 4512K, capacity 4843K, committed 4864K, reserved 1048576K
Event: 4,799 GC heap after
Heap after GC invocations=10 (full 2):
 PSYoungGen      total 297472K, used 0K [0x00000000e1780000, 0x00000000f7180000, 0x0000000100000000)
  eden space 282112K, 0% used [0x00000000e1780000,0x00000000e1780000,0x00000000f2b00000)
  from space 15360K, 0% used [0x00000000f3d00000,0x00000000f3d00000,0x00000000f4c00000)
  to   space 18432K, 0% used [0x00000000f2b00000,0x00000000f2b00000,0x00000000f3d00000)
 ParOldGen       total 71680K, used 21587K [0x00000000a4600000, 0x00000000a8c00000, 0x00000000e1780000)
  object space 71680K, 30% used [0x00000000a4600000,0x00000000a5b14d80,0x00000000a8c00000)
 Metaspace       used 33882K, capacity 35442K, committed 35496K, reserved 1079296K
  class space    used 4512K, capacity 4843K, committed 4864K, reserved 1048576K
}

