# JRE version: Java(TM) SE Runtime Environment (8.0_162-b12) (build 1.8.0_162-b12)
# Java VM: Java HotSpot(TM) 64-Bit Server VM (25.162-b12 mixed mode linux-amd64 compressed oops)
Heap:
 PSYoungGen      total 142336K, used 61560K [0x00000000e1780000, 0x00000000eb300000, 0x0000000100000000)
  eden space 126976K, 40% used [0x00000000e1780000,0x00000000e491a180,0x00000000e9380000)
  from space 15360K, 70% used [0x00000000ea300000,0x00000000ead84150,0x00000000eb200000)
  to   space 15872K, 0% used [0x00000000e9380000,0x00000000e9380000,0x00000000ea300000)
 ParOldGen       total 62976K, used 30856K [0x00000000a4600000, 0x00000000a8380000, 0x00000000e1780000)
  object space 62976K, 48% used [0x00000000a4600000,0x00000000a6422048,0x00000000a8380000)
 Metaspace       used 56412K, capacity 59768K, committed 59904K, reserved 1101824K
  class space    used 7533K, capacity 8165K, committed 8192K, reserved 1048576K
GC Heap History (10 events):
Event: 1210,545 GC heap before
{Heap before GC invocations=410 (full 9):
 PSYoungGen      total 132096K, used 41820K [0x00000000e1780000, 0x00000000eab80000, 0x0000000100000000)
  eden space 117248K, 25% used [0x00000000e1780000,0x00000000e348f228,0x00000000e8a00000)
  from space 14848K, 81% used [0x00000000e9a00000,0x00000000ea5c8150,0x00000000ea880000)
  to   space 16384K, 0% used [0x00000000e8a00000,0x00000000e8a00000,0x00000000e9a00000)
 ParOldGen       total 62976K, used 34547K [0x00000000a4600000, 0x00000000a8380000, 0x00000000e1780000)
  object space 62976K, 54% used [0x00000000a4600000,0x00000000a67bcde0,0x00000000a8380000)
 Metaspace       used 56083K, capacity 59452K, committed 59648K, reserved 1101824K
  class space    used 7508K, capacity 8126K, committed 8192K, reserved 1048576K
Event: 1210,556 GC heap after
Heap after GC invocations=410 (full 9):
 PSYoungGen      total 133632K, used 7200K [0x00000000e1780000, 0x00000000eaa80000, 0x0000000100000000)
  eden space 117248K, 0% used [0x00000000e1780000,0x00000000e1780000,0x00000000e8a00000)
  from space 16384K, 43% used [0x00000000e8a00000,0x00000000e91080c0,0x00000000e9a00000)
  to   space 15872K, 0% used [0x00000000e9b00000,0x00000000e9b00000,0x00000000eaa80000)
 ParOldGen       total 62976K, used 34547K [0x00000000a4600000, 0x00000000a8380000, 0x00000000e1780000)
  object space 62976K, 54% used [0x00000000a4600000,0x00000000a67bcde0,0x00000000a8380000)
 Metaspace       used 56083K, capacity 59452K, committed 59648K, reserved 1101824K
  class space    used 7508K, capacity 8126K, committed 8192K, reserved 1048576K
}
Event: 1210,556 GC heap before
{Heap before GC invocations=411 (full 10):
 PSYoungGen      total 133632K, used 7200K [0x00000000e1780000, 0x00000000eaa80000, 0x0000000100000000)
  eden space 117248K, 0% used [0x00000000e1780000,0x00000000e1780000,0x00000000e8a00000)
  from space 16384K, 43% used [0x00000000e8a00000,0x00000000e91080c0,0x00000000e9a00000)
  to   space 15872K, 0% used [0x00000000e9b00000,0x00000000e9b00000,0x00000000eaa80000)
 ParOldGen       total 62976K, used 34547K [0x00000000a4600000, 0x00000000a8380000, 0x00000000e1780000)
  object space 62976K, 54% used [0x00000000a4600000,0x00000000a67bcde0,0x00000000a8380000)
 Metaspace       used 56083K, capacity 59452K, committed 59648K, reserved 1101824K
  class space    used 7508K, capacity 8126K, committed 8192K, reserved 1048576K
Event: 1210,821 GC heap after
Heap after GC invocations=411 (full 10):
 PSYoungGen      total 133632K, used 0K [0x00000000e1780000, 0x00000000eaa80000, 0x0000000100000000)
  eden space 117248K, 0% used [0x00000000e1780000,0x00000000e1780000,0x00000000e8a00000)
  from space 16384K, 0% used [0x00000000e8a00000,0x00000000e8a00000,0x00000000e9a00000)
  to   space 15872K, 0% used [0x00000000e9b00000,0x00000000e9b00000,0x00000000eaa80000)
 ParOldGen       total 62976K, used 30832K [0x00000000a4600000, 0x00000000a8380000, 0x00000000e1780000)
  object space 62976K, 48% used [0x00000000a4600000,0x00000000a641c048,0x00000000a8380000)
 Metaspace       used 56077K, capacity 59440K, committed 59648K, reserved 1101824K
  class space    used 7507K, capacity 8123K, committed 8192K, reserved 1048576K
}
Event: 1211,468 GC heap before
{Heap before GC invocations=412 (full 10):
 PSYoungGen      total 133632K, used 117248K [0x00000000e1780000, 0x00000000eaa80000, 0x0000000100000000)
  eden space 117248K, 100% used [0x00000000e1780000,0x00000000e8a00000,0x00000000e8a00000)
  from space 16384K, 0% used [0x00000000e8a00000,0x00000000e8a00000,0x00000000e9a00000)
  to   space 15872K, 0% used [0x00000000e9b00000,0x00000000e9b00000,0x00000000eaa80000)
 ParOldGen       total 62976K, used 30832K [0x00000000a4600000, 0x00000000a8380000, 0x00000000e1780000)
  object space 62976K, 48% used [0x00000000a4600000,0x00000000a641c048,0x00000000a8380000)
 Metaspace       used 56118K, capacity 59560K, committed 59648K, reserved 1101824K
  class space    used 7516K, capacity 8163K, committed 8192K, reserved 1048576K
Event: 1211,475 GC heap after
Heap after GC invocations=412 (full 10):
 PSYoungGen      total 135168K, used 3807K [0x00000000e1780000, 0x00000000eae00000, 0x0000000100000000)
  eden space 119296K, 0% used [0x00000000e1780000,0x00000000e1780000,0x00000000e8c00000)
  from space 15872K, 23% used [0x00000000e9b00000,0x00000000e9eb7ef0,0x00000000eaa80000)
  to   space 15360K, 0% used [0x00000000e8c00000,0x00000000e8c00000,0x00000000e9b00000)
 ParOldGen       total 62976K, used 30840K [0x00000000a4600000, 0x00000000a8380000, 0x00000000e1780000)
  object space 62976K, 48% used [0x00000000a4600000,0x00000000a641e048,0x00000000a8380000)
 Metaspace       used 56118K, capacity 59560K, committed 59648K, reserved 1101824K
  class space    used 7516K, capacity 8163K, committed 8192K, reserved 1048576K
}
Event: 1212,260 GC heap before
{Heap before GC invocations=413 (full 10):
 PSYoungGen      total 135168K, used 123103K [0x00000000e1780000, 0x00000000eae00000, 0x0000000100000000)
  eden space 119296K, 100% used [0x00000000e1780000,0x00000000e8c00000,0x00000000e8c00000)
  from space 15872K, 23% used [0x00000000e9b00000,0x00000000e9eb7ef0,0x00000000eaa80000)
  to   space 15360K, 0% used [0x00000000e8c00000,0x00000000e8c00000,0x00000000e9b00000)
 ParOldGen       total 62976K, used 30840K [0x00000000a4600000, 0x00000000a8380000, 0x00000000e1780000)
  object space 62976K, 48% used [0x00000000a4600000,0x00000000a641e048,0x00000000a8380000)
 Metaspace       used 56412K, capacity 59768K, committed 59904K, reserved 1101824K
  class space    used 7533K, capacity 8165K, committed 8192K, reserved 1048576K
Event: 1212,271 GC heap after
Heap after GC invocations=413 (full 10):
 PSYoungGen      total 134656K, used 9200K [0x00000000e1780000, 0x00000000eb200000, 0x0000000100000000)
  eden space 119296K, 0% used [0x00000000e1780000,0x00000000e1780000,0x00000000e8c00000)
  from space 15360K, 59% used [0x00000000e8c00000,0x00000000e94fc110,0x00000000e9b00000)
  to   space 15360K, 0% used [0x00000000ea300000,0x00000000ea300000,0x00000000eb200000)
 ParOldGen       total 62976K, used 30848K [0x00000000a4600000, 0x00000000a8380000, 0x00000000e1780000)
  object space 62976K, 48% used [0x00000000a4600000,0x00000000a6420048,0x00000000a8380000)
 Metaspace       used 56412K, capacity 59768K, committed 59904K, reserved 1101824K
  class space    used 7533K, capacity 8165K, committed 8192K, reserved 1048576K
}
Event: 1215,615 GC heap before
{Heap before GC invocations=414 (full 10):
 PSYoungGen      total 134656K, used 128496K [0x00000000e1780000, 0x00000000eb200000, 0x0000000100000000)
  eden space 119296K, 100% used [0x00000000e1780000,0x00000000e8c00000,0x00000000e8c00000)
  from space 15360K, 59% used [0x00000000e8c00000,0x00000000e94fc110,0x00000000e9b00000)
  to   space 15360K, 0% used [0x00000000ea300000,0x00000000ea300000,0x00000000eb200000)
 ParOldGen       total 62976K, used 30848K [0x00000000a4600000, 0x00000000a8380000, 0x00000000e1780000)
  object space 62976K, 48% used [0x00000000a4600000,0x00000000a6420048,0x00000000a8380000)
 Metaspace       used 56412K, capacity 59768K, committed 59904K, reserved 1101824K
  class space    used 7533K, capacity 8165K, committed 8192K, reserved 1048576K
Event: 1215,635 GC heap after
Heap after GC invocations=414 (full 10):
 PSYoungGen      total 142336K, used 10768K [0x00000000e1780000, 0x00000000eb300000, 0x0000000100000000)
  eden space 126976K, 0% used [0x00000000e1780000,0x00000000e1780000,0x00000000e9380000)
  from space 15360K, 70% used [0x00000000ea300000,0x00000000ead84150,0x00000000eb200000)
  to   space 15872K, 0% used [0x00000000e9380000,0x00000000e9380000,0x00000000ea300000)
 ParOldGen       total 62976K, used 30856K [0x00000000a4600000, 0x00000000a8380000, 0x00000000e1780000)
  object space 62976K, 48% used [0x00000000a4600000,0x00000000a6422048,0x00000000a8380000)
 Metaspace       used 56412K, capacity 59768K, committed 59904K, reserved 1101824K
  class space    used 7533K, capacity 8165K, committed 8192K, reserved 1048576K
}

