# JRE version: Java(TM) SE Runtime Environment (8.0_162-b12) (build 1.8.0_162-b12)
# Java VM: Java HotSpot(TM) 64-Bit Server VM (25.162-b12 mixed mode linux-amd64 compressed oops)
Heap:
 PSYoungGen      total 172032K, used 12273K [0x00000000e1780000, 0x00000000f0f00000, 0x0000000100000000)
  eden space 159744K, 0% used [0x00000000e1780000,0x00000000e1780000,0x00000000eb380000)
  from space 12288K, 99% used [0x00000000eb380000,0x00000000ebf7c7a8,0x00000000ebf80000)
  to   space 16896K, 0% used [0x00000000efe80000,0x00000000efe80000,0x00000000f0f00000)
 ParOldGen       total 42496K, used 16565K [0x00000000a4600000, 0x00000000a6f80000, 0x00000000e1780000)
  object space 42496K, 38% used [0x00000000a4600000,0x00000000a562d488,0x00000000a6f80000)
 Metaspace       used 33898K, capacity 35438K, committed 35496K, reserved 1079296K
  class space    used 4508K, capacity 4843K, committed 4864K, reserved 1048576K
GC Heap History (10 events):
Event: 1,850 GC heap after
Heap after GC invocations=6 (full 0):
 PSYoungGen      total 104448K, used 4656K [0x00000000e1780000, 0x00000000e8680000, 0x0000000100000000)
  eden space 96256K, 0% used [0x00000000e1780000,0x00000000e1780000,0x00000000e7580000)
  from space 8192K, 56% used [0x00000000e7e80000,0x00000000e830c300,0x00000000e8680000)
  to   space 8704K, 0% used [0x00000000e7580000,0x00000000e7580000,0x00000000e7e00000)
 ParOldGen       total 62976K, used 8940K [0x00000000a4600000, 0x00000000a8380000, 0x00000000e1780000)
  object space 62976K, 14% used [0x00000000a4600000,0x00000000a4ebb238,0x00000000a8380000)
 Metaspace       used 20556K, capacity 21266K, committed 21296K, reserved 1067008K
  class space    used 2738K, capacity 2914K, committed 2944K, reserved 1048576K
}
Event: 1,850 GC heap before
{Heap before GC invocations=7 (full 1):
 PSYoungGen      total 104448K, used 4656K [0x00000000e1780000, 0x00000000e8680000, 0x0000000100000000)
  eden space 96256K, 0% used [0x00000000e1780000,0x00000000e1780000,0x00000000e7580000)
  from space 8192K, 56% used [0x00000000e7e80000,0x00000000e830c300,0x00000000e8680000)
  to   space 8704K, 0% used [0x00000000e7580000,0x00000000e7580000,0x00000000e7e00000)
 ParOldGen       total 62976K, used 8940K [0x00000000a4600000, 0x00000000a8380000, 0x00000000e1780000)
  object space 62976K, 14% used [0x00000000a4600000,0x00000000a4ebb238,0x00000000a8380000)
 Metaspace       used 20556K, capacity 21266K, committed 21296K, reserved 1067008K
  class space    used 2738K, capacity 2914K, committed 2944K, reserved 1048576K
Event: 1,900 GC heap after
Heap after GC invocations=7 (full 1):
 PSYoungGen      total 104448K, used 0K [0x00000000e1780000, 0x00000000e8680000, 0x0000000100000000)
  eden space 96256K, 0% used [0x00000000e1780000,0x00000000e1780000,0x00000000e7580000)
  from space 8192K, 0% used [0x00000000e7e80000,0x00000000e7e80000,0x00000000e8680000)
  to   space 8704K, 0% used [0x00000000e7580000,0x00000000e7580000,0x00000000e7e00000)
 ParOldGen       total 42496K, used 7175K [0x00000000a4600000, 0x00000000a6f80000, 0x00000000e1780000)
  object space 42496K, 16% used [0x00000000a4600000,0x00000000a4d01f18,0x00000000a6f80000)
 Metaspace       used 20556K, capacity 21266K, committed 21296K, reserved 1067008K
  class space    used 2738K, capacity 2914K, committed 2944K, reserved 1048576K
}
Event: 2,598 GC heap before
{Heap before GC invocations=8 (full 1):
 PSYoungGen      total 104448K, used 96256K [0x00000000e1780000, 0x00000000e8680000, 0x0000000100000000)
  eden space 96256K, 100% used [0x00000000e1780000,0x00000000e7580000,0x00000000e7580000)
  from space 8192K, 0% used [0x00000000e7e80000,0x00000000e7e80000,0x00000000e8680000)
  to   space 8704K, 0% used [0x00000000e7580000,0x00000000e7580000,0x00000000e7e00000)
 ParOldGen       total 42496K, used 7175K [0x00000000a4600000, 0x00000000a6f80000, 0x00000000e1780000)
  object space 42496K, 16% used [0x00000000a4600000,0x00000000a4d01f18,0x00000000a6f80000)
 Metaspace       used 23224K, capacity 24074K, committed 24320K, reserved 1071104K
  class space    used 3114K, capacity 3323K, committed 3328K, reserved 1048576K
Event: 2,609 GC heap after
Heap after GC invocations=8 (full 1):
 PSYoungGen      total 104960K, used 8148K [0x00000000e1780000, 0x00000000ecb00000, 0x0000000100000000)
  eden space 96256K, 0% used [0x00000000e1780000,0x00000000e1780000,0x00000000e7580000)
  from space 8704K, 93% used [0x00000000e7580000,0x00000000e7d75390,0x00000000e7e00000)
  to   space 9728K, 0% used [0x00000000ec180000,0x00000000ec180000,0x00000000ecb00000)
 ParOldGen       total 42496K, used 7183K [0x00000000a4600000, 0x00000000a6f80000, 0x00000000e1780000)
  object space 42496K, 16% used [0x00000000a4600000,0x00000000a4d03f18,0x00000000a6f80000)
 Metaspace       used 23224K, capacity 24074K, committed 24320K, reserved 1071104K
  class space    used 3114K, capacity 3323K, committed 3328K, reserved 1048576K
}
Event: 3,804 GC heap before
{Heap before GC invocations=9 (full 1):
 PSYoungGen      total 104960K, used 104404K [0x00000000e1780000, 0x00000000ecb00000, 0x0000000100000000)
  eden space 96256K, 100% used [0x00000000e1780000,0x00000000e7580000,0x00000000e7580000)
  from space 8704K, 93% used [0x00000000e7580000,0x00000000e7d75390,0x00000000e7e00000)
  to   space 9728K, 0% used [0x00000000ec180000,0x00000000ec180000,0x00000000ecb00000)
 ParOldGen       total 42496K, used 7183K [0x00000000a4600000, 0x00000000a6f80000, 0x00000000e1780000)
  object space 42496K, 16% used [0x00000000a4600000,0x00000000a4d03f18,0x00000000a6f80000)
 Metaspace       used 27181K, capacity 28340K, committed 28672K, reserved 1073152K
  class space    used 3690K, capacity 3970K, committed 4096K, reserved 1048576K
Event: 3,819 GC heap after
Heap after GC invocations=9 (full 1):
 PSYoungGen      total 169472K, used 9725K [0x00000000e1780000, 0x00000000ecb80000, 0x0000000100000000)
  eden space 159744K, 0% used [0x00000000e1780000,0x00000000e1780000,0x00000000eb380000)
  from space 9728K, 99% used [0x00000000ec180000,0x00000000ecaff560,0x00000000ecb00000)
  to   space 12288K, 0% used [0x00000000eb380000,0x00000000eb380000,0x00000000ebf80000)
 ParOldGen       total 42496K, used 10266K [0x00000000a4600000, 0x00000000a6f80000, 0x00000000e1780000)
  object space 42496K, 24% used [0x00000000a4600000,0x00000000a5006be8,0x00000000a6f80000)
 Metaspace       used 27181K, capacity 28340K, committed 28672K, reserved 1073152K
  class space    used 3690K, capacity 3970K, committed 4096K, reserved 1048576K
}
Event: 5,223 GC heap before
{Heap before GC invocations=10 (full 1):
 PSYoungGen      total 169472K, used 167950K [0x00000000e1780000, 0x00000000ecb80000, 0x0000000100000000)
  eden space 159744K, 99% used [0x00000000e1780000,0x00000000eb204660,0x00000000eb380000)
  from space 9728K, 99% used [0x00000000ec180000,0x00000000ecaff560,0x00000000ecb00000)
  to   space 12288K, 0% used [0x00000000eb380000,0x00000000eb380000,0x00000000ebf80000)
 ParOldGen       total 42496K, used 10266K [0x00000000a4600000, 0x00000000a6f80000, 0x00000000e1780000)
  object space 42496K, 24% used [0x00000000a4600000,0x00000000a5006be8,0x00000000a6f80000)
 Metaspace       used 33898K, capacity 35438K, committed 35496K, reserved 1079296K
  class space    used 4508K, capacity 4843K, committed 4864K, reserved 1048576K
Event: 5,253 GC heap after
Heap after GC invocations=10 (full 1):
 PSYoungGen      total 172032K, used 12273K [0x00000000e1780000, 0x00000000f0f00000, 0x0000000100000000)
  eden space 159744K, 0% used [0x00000000e1780000,0x00000000e1780000,0x00000000eb380000)
  from space 12288K, 99% used [0x00000000eb380000,0x00000000ebf7c7a8,0x00000000ebf80000)
  to   space 16896K, 0% used [0x00000000efe80000,0x00000000efe80000,0x00000000f0f00000)
 ParOldGen       total 42496K, used 16565K [0x00000000a4600000, 0x00000000a6f80000, 0x00000000e1780000)
  object space 42496K, 38% used [0x00000000a4600000,0x00000000a562d488,0x00000000a6f80000)
 Metaspace       used 33898K, capacity 35438K, committed 35496K, reserved 1079296K
  class space    used 4508K, capacity 4843K, committed 4864K, reserved 1048576K
}
Event: 5,253 GC heap before
{Heap before GC invocations=11 (full 2):
 PSYoungGen      total 172032K, used 12273K [0x00000000e1780000, 0x00000000f0f00000, 0x0000000100000000)
  eden space 159744K, 0% used [0x00000000e1780000,0x00000000e1780000,0x00000000eb380000)
  from space 12288K, 99% used [0x00000000eb380000,0x00000000ebf7c7a8,0x00000000ebf80000)
  to   space 16896K, 0% used [0x00000000efe80000,0x00000000efe80000,0x00000000f0f00000)
 ParOldGen       total 42496K, used 16565K [0x00000000a4600000, 0x00000000a6f80000, 0x00000000e1780000)
  object space 42496K, 38% used [0x00000000a4600000,0x00000000a562d488,0x00000000a6f80000)
 Metaspace       used 33898K, capacity 35438K, committed 35496K, reserved 1079296K
  class space    used 4508K, capacity 4843K, committed 4864K, reserved 1048576K

