# JRE version: Java(TM) SE Runtime Environment (8.0_162-b12) (build 1.8.0_162-b12)
# Java VM: Java HotSpot(TM) 64-Bit Server VM (25.162-b12 mixed mode linux-amd64 compressed oops)
Heap:
 PSYoungGen      total 432640K, used 216372K [0x00000000e1780000, 0x00000000fce80000, 0x0000000100000000)
  eden space 416768K, 51% used [0x00000000e1780000,0x00000000eeacd378,0x00000000fae80000)
  from space 15872K, 0% used [0x00000000fbf00000,0x00000000fbf00000,0x00000000fce80000)
  to   space 16384K, 0% used [0x00000000fae80000,0x00000000fae80000,0x00000000fbe80000)
 ParOldGen       total 70144K, used 28309K [0x00000000a4600000, 0x00000000a8a80000, 0x00000000e1780000)
  object space 70144K, 40% used [0x00000000a4600000,0x00000000a61a5788,0x00000000a8a80000)
 Metaspace       used 53438K, capacity 55934K, committed 56064K, reserved 1097728K
  class space    used 7241K, capacity 7679K, committed 7680K, reserved 1048576K
GC Heap History (10 events):
Event: 25,268 GC heap before
{Heap before GC invocations=15 (full 2):
 PSYoungGen      total 314368K, used 299751K [0x00000000e1780000, 0x00000000f5d80000, 0x0000000100000000)
  eden space 296960K, 100% used [0x00000000e1780000,0x00000000f3980000,0x00000000f3980000)
  from space 17408K, 16% used [0x00000000f4c80000,0x00000000f4f39dc0,0x00000000f5d80000)
  to   space 18432K, 0% used [0x00000000f3980000,0x00000000f3980000,0x00000000f4b80000)
 ParOldGen       total 70144K, used 36877K [0x00000000a4600000, 0x00000000a8a80000, 0x00000000e1780000)
  object space 70144K, 52% used [0x00000000a4600000,0x00000000a6a03468,0x00000000a8a80000)
 Metaspace       used 52963K, capacity 55274K, committed 55552K, reserved 1097728K
  class space    used 7183K, capacity 7602K, committed 7680K, reserved 1048576K
Event: 25,278 GC heap after
Heap after GC invocations=15 (full 2):
 PSYoungGen      total 315392K, used 9628K [0x00000000e1780000, 0x00000000fa200000, 0x0000000100000000)
  eden space 296960K, 0% used [0x00000000e1780000,0x00000000e1780000,0x00000000f3980000)
  from space 18432K, 52% used [0x00000000f3980000,0x00000000f42e73d8,0x00000000f4b80000)
  to   space 17920K, 0% used [0x00000000f9080000,0x00000000f9080000,0x00000000fa200000)
 ParOldGen       total 70144K, used 36885K [0x00000000a4600000, 0x00000000a8a80000, 0x00000000e1780000)
  object space 70144K, 52% used [0x00000000a4600000,0x00000000a6a05468,0x00000000a8a80000)
 Metaspace       used 52963K, capacity 55274K, committed 55552K, reserved 1097728K
  class space    used 7183K, capacity 7602K, committed 7680K, reserved 1048576K
}
Event: 35,339 GC heap before
{Heap before GC invocations=16 (full 2):
 PSYoungGen      total 315392K, used 306588K [0x00000000e1780000, 0x00000000fa200000, 0x0000000100000000)
  eden space 296960K, 100% used [0x00000000e1780000,0x00000000f3980000,0x00000000f3980000)
  from space 18432K, 52% used [0x00000000f3980000,0x00000000f42e73d8,0x00000000f4b80000)
  to   space 17920K, 0% used [0x00000000f9080000,0x00000000f9080000,0x00000000fa200000)
 ParOldGen       total 70144K, used 36885K [0x00000000a4600000, 0x00000000a8a80000, 0x00000000e1780000)
  object space 70144K, 52% used [0x00000000a4600000,0x00000000a6a05468,0x00000000a8a80000)
 Metaspace       used 52970K, capacity 55274K, committed 55552K, reserved 1097728K
  class space    used 7185K, capacity 7602K, committed 7680K, reserved 1048576K
Event: 35,346 GC heap after
Heap after GC invocations=16 (full 2):
 PSYoungGen      total 362496K, used 4464K [0x00000000e1780000, 0x00000000f9600000, 0x0000000100000000)
  eden space 356864K, 0% used [0x00000000e1780000,0x00000000e1780000,0x00000000f7400000)
  from space 5632K, 79% used [0x00000000f9080000,0x00000000f94dc070,0x00000000f9600000)
  to   space 17408K, 0% used [0x00000000f7400000,0x00000000f7400000,0x00000000f8500000)
 ParOldGen       total 70144K, used 36893K [0x00000000a4600000, 0x00000000a8a80000, 0x00000000e1780000)
  object space 70144K, 52% used [0x00000000a4600000,0x00000000a6a07468,0x00000000a8a80000)
 Metaspace       used 52970K, capacity 55274K, committed 55552K, reserved 1097728K
  class space    used 7185K, capacity 7602K, committed 7680K, reserved 1048576K
}
Event: 46,883 GC heap before
{Heap before GC invocations=17 (full 2):
 PSYoungGen      total 362496K, used 361328K [0x00000000e1780000, 0x00000000f9600000, 0x0000000100000000)
  eden space 356864K, 100% used [0x00000000e1780000,0x00000000f7400000,0x00000000f7400000)
  from space 5632K, 79% used [0x00000000f9080000,0x00000000f94dc070,0x00000000f9600000)
  to   space 17408K, 0% used [0x00000000f7400000,0x00000000f7400000,0x00000000f8500000)
 ParOldGen       total 70144K, used 36893K [0x00000000a4600000, 0x00000000a8a80000, 0x00000000e1780000)
  object space 70144K, 52% used [0x00000000a4600000,0x00000000a6a07468,0x00000000a8a80000)
 Metaspace       used 52970K, capacity 55274K, committed 55552K, reserved 1097728K
  class space    used 7185K, capacity 7602K, committed 7680K, reserved 1048576K
Event: 46,893 GC heap after
Heap after GC invocations=17 (full 2):
 PSYoungGen      total 374272K, used 5608K [0x00000000e1780000, 0x00000000fcf80000, 0x0000000100000000)
  eden space 356864K, 0% used [0x00000000e1780000,0x00000000e1780000,0x00000000f7400000)
  from space 17408K, 32% used [0x00000000f7400000,0x00000000f797a080,0x00000000f8500000)
  to   space 16896K, 0% used [0x00000000fbf00000,0x00000000fbf00000,0x00000000fcf80000)
 ParOldGen       total 70144K, used 36901K [0x00000000a4600000, 0x00000000a8a80000, 0x00000000e1780000)
  object space 70144K, 52% used [0x00000000a4600000,0x00000000a6a09468,0x00000000a8a80000)
 Metaspace       used 52970K, capacity 55274K, committed 55552K, reserved 1097728K
  class space    used 7185K, capacity 7602K, committed 7680K, reserved 1048576K
}
Event: 49,214 GC heap before
{Heap before GC invocations=18 (full 2):
 PSYoungGen      total 374272K, used 118724K [0x00000000e1780000, 0x00000000fcf80000, 0x0000000100000000)
  eden space 356864K, 31% used [0x00000000e1780000,0x00000000e85f71e0,0x00000000f7400000)
  from space 17408K, 32% used [0x00000000f7400000,0x00000000f797a080,0x00000000f8500000)
  to   space 16896K, 0% used [0x00000000fbf00000,0x00000000fbf00000,0x00000000fcf80000)
 ParOldGen       total 70144K, used 36901K [0x00000000a4600000, 0x00000000a8a80000, 0x00000000e1780000)
  object space 70144K, 52% used [0x00000000a4600000,0x00000000a6a09468,0x00000000a8a80000)
 Metaspace       used 53052K, capacity 55462K, committed 55808K, reserved 1097728K
  class space    used 7201K, capacity 7613K, committed 7680K, reserved 1048576K
Event: 49,229 GC heap after
Heap after GC invocations=18 (full 2):
 PSYoungGen      total 432640K, used 6640K [0x00000000e1780000, 0x00000000fce80000, 0x0000000100000000)
  eden space 416768K, 0% used [0x00000000e1780000,0x00000000e1780000,0x00000000fae80000)
  from space 15872K, 41% used [0x00000000fbf00000,0x00000000fc57c060,0x00000000fce80000)
  to   space 16384K, 0% used [0x00000000fae80000,0x00000000fae80000,0x00000000fbe80000)
 ParOldGen       total 70144K, used 36901K [0x00000000a4600000, 0x00000000a8a80000, 0x00000000e1780000)
  object space 70144K, 52% used [0x00000000a4600000,0x00000000a6a09468,0x00000000a8a80000)
 Metaspace       used 53052K, capacity 55462K, committed 55808K, reserved 1097728K
  class space    used 7201K, capacity 7613K, committed 7680K, reserved 1048576K
}
Event: 49,229 GC heap before
{Heap before GC invocations=19 (full 3):
 PSYoungGen      total 432640K, used 6640K [0x00000000e1780000, 0x00000000fce80000, 0x0000000100000000)
  eden space 416768K, 0% used [0x00000000e1780000,0x00000000e1780000,0x00000000fae80000)
  from space 15872K, 41% used [0x00000000fbf00000,0x00000000fc57c060,0x00000000fce80000)
  to   space 16384K, 0% used [0x00000000fae80000,0x00000000fae80000,0x00000000fbe80000)
 ParOldGen       total 70144K, used 36901K [0x00000000a4600000, 0x00000000a8a80000, 0x00000000e1780000)
  object space 70144K, 52% used [0x00000000a4600000,0x00000000a6a09468,0x00000000a8a80000)
 Metaspace       used 53052K, capacity 55462K, committed 55808K, reserved 1097728K
  class space    used 7201K, capacity 7613K, committed 7680K, reserved 1048576K
Event: 49,549 GC heap after
Heap after GC invocations=19 (full 3):
 PSYoungGen      total 432640K, used 0K [0x00000000e1780000, 0x00000000fce80000, 0x0000000100000000)
  eden space 416768K, 0% used [0x00000000e1780000,0x00000000e1780000,0x00000000fae80000)
  from space 15872K, 0% used [0x00000000fbf00000,0x00000000fbf00000,0x00000000fce80000)
  to   space 16384K, 0% used [0x00000000fae80000,0x00000000fae80000,0x00000000fbe80000)
 ParOldGen       total 70144K, used 28309K [0x00000000a4600000, 0x00000000a8a80000, 0x00000000e1780000)
  object space 70144K, 40% used [0x00000000a4600000,0x00000000a61a5788,0x00000000a8a80000)
 Metaspace       used 53046K, capacity 55450K, committed 55808K, reserved 1097728K
  class space    used 7199K, capacity 7611K, committed 7680K, reserved 1048576K
}

