# JRE version: Java(TM) SE Runtime Environment (8.0_162-b12) (build 1.8.0_162-b12)
# Java VM: Java HotSpot(TM) 64-Bit Server VM (25.162-b12 mixed mode linux-amd64 compressed oops)
Heap:
 PSYoungGen      total 475648K, used 172730K [0x00000000e1780000, 0x00000000ffe00000, 0x0000000100000000)
  eden space 456192K, 35% used [0x00000000e1780000,0x00000000eb74e870,0x00000000fd500000)
  from space 19456K, 46% used [0x00000000feb00000,0x00000000ff3e0170,0x00000000ffe00000)
  to   space 20992K, 0% used [0x00000000fd500000,0x00000000fd500000,0x00000000fe980000)
 ParOldGen       total 70656K, used 34287K [0x00000000a4600000, 0x00000000a8b00000, 0x00000000e1780000)
  object space 70656K, 48% used [0x00000000a4600000,0x00000000a677bca0,0x00000000a8b00000)
 Metaspace       used 52773K, capacity 55170K, committed 55552K, reserved 1097728K
  class space    used 7151K, capacity 7606K, committed 7680K, reserved 1048576K
GC Heap History (10 events):
Event: 14,608 GC heap before
{Heap before GC invocations=12 (full 2):
 PSYoungGen      total 293888K, used 293862K [0x00000000e1780000, 0x00000000fa880000, 0x0000000100000000)
  eden space 275456K, 100% used [0x00000000e1780000,0x00000000f2480000,0x00000000f2480000)
  from space 18432K, 99% used [0x00000000f2480000,0x00000000f3679800,0x00000000f3680000)
  to   space 22528K, 0% used [0x00000000f9280000,0x00000000f9280000,0x00000000fa880000)
 ParOldGen       total 70656K, used 23778K [0x00000000a4600000, 0x00000000a8b00000, 0x00000000e1780000)
  object space 70656K, 33% used [0x00000000a4600000,0x00000000a5d389c8,0x00000000a8b00000)
 Metaspace       used 45785K, capacity 47962K, committed 48256K, reserved 1091584K
  class space    used 6297K, capacity 6700K, committed 6784K, reserved 1048576K
Event: 14,627 GC heap after
Heap after GC invocations=12 (full 2):
 PSYoungGen      total 370176K, used 15048K [0x00000000e1780000, 0x00000000fa180000, 0x0000000100000000)
  eden space 354816K, 0% used [0x00000000e1780000,0x00000000e1780000,0x00000000f7200000)
  from space 15360K, 97% used [0x00000000f9280000,0x00000000fa132100,0x00000000fa180000)
  to   space 23040K, 0% used [0x00000000f7480000,0x00000000f7480000,0x00000000f8b00000)
 ParOldGen       total 70656K, used 23778K [0x00000000a4600000, 0x00000000a8b00000, 0x00000000e1780000)
  object space 70656K, 33% used [0x00000000a4600000,0x00000000a5d389c8,0x00000000a8b00000)
 Metaspace       used 45785K, capacity 47962K, committed 48256K, reserved 1091584K
  class space    used 6297K, capacity 6700K, committed 6784K, reserved 1048576K
}
Event: 23,890 GC heap before
{Heap before GC invocations=13 (full 2):
 PSYoungGen      total 370176K, used 369864K [0x00000000e1780000, 0x00000000fa180000, 0x0000000100000000)
  eden space 354816K, 100% used [0x00000000e1780000,0x00000000f7200000,0x00000000f7200000)
  from space 15360K, 97% used [0x00000000f9280000,0x00000000fa132100,0x00000000fa180000)
  to   space 23040K, 0% used [0x00000000f7480000,0x00000000f7480000,0x00000000f8b00000)
 ParOldGen       total 70656K, used 23778K [0x00000000a4600000, 0x00000000a8b00000, 0x00000000e1780000)
  object space 70656K, 33% used [0x00000000a4600000,0x00000000a5d389c8,0x00000000a8b00000)
 Metaspace       used 52765K, capacity 55074K, committed 55296K, reserved 1097728K
  class space    used 7150K, capacity 7574K, committed 7680K, reserved 1048576K
Event: 23,919 GC heap after
Heap after GC invocations=13 (full 2):
 PSYoungGen      total 380416K, used 15223K [0x00000000e1780000, 0x00000000ff680000, 0x0000000100000000)
  eden space 357376K, 0% used [0x00000000e1780000,0x00000000e1780000,0x00000000f7480000)
  from space 23040K, 66% used [0x00000000f7480000,0x00000000f835ded8,0x00000000f8b00000)
  to   space 23552K, 0% used [0x00000000fdf80000,0x00000000fdf80000,0x00000000ff680000)
 ParOldGen       total 70656K, used 34271K [0x00000000a4600000, 0x00000000a8b00000, 0x00000000e1780000)
  object space 70656K, 48% used [0x00000000a4600000,0x00000000a6777ca0,0x00000000a8b00000)
 Metaspace       used 52765K, capacity 55074K, committed 55296K, reserved 1097728K
  class space    used 7150K, capacity 7574K, committed 7680K, reserved 1048576K
}
Event: 34,310 GC heap before
{Heap before GC invocations=14 (full 2):
 PSYoungGen      total 380416K, used 372599K [0x00000000e1780000, 0x00000000ff680000, 0x0000000100000000)
  eden space 357376K, 100% used [0x00000000e1780000,0x00000000f7480000,0x00000000f7480000)
  from space 23040K, 66% used [0x00000000f7480000,0x00000000f835ded8,0x00000000f8b00000)
  to   space 23552K, 0% used [0x00000000fdf80000,0x00000000fdf80000,0x00000000ff680000)
 ParOldGen       total 70656K, used 34271K [0x00000000a4600000, 0x00000000a8b00000, 0x00000000e1780000)
  object space 70656K, 48% used [0x00000000a4600000,0x00000000a6777ca0,0x00000000a8b00000)
 Metaspace       used 52772K, capacity 55170K, committed 55552K, reserved 1097728K
  class space    used 7151K, capacity 7606K, committed 7680K, reserved 1048576K
Event: 34,323 GC heap after
Heap after GC invocations=14 (full 2):
 PSYoungGen      total 443392K, used 10336K [0x00000000e1780000, 0x00000000fea00000, 0x0000000100000000)
  eden space 432640K, 0% used [0x00000000e1780000,0x00000000e1780000,0x00000000fbe00000)
  from space 10752K, 96% used [0x00000000fdf80000,0x00000000fe998170,0x00000000fea00000)
  to   space 22528K, 0% used [0x00000000fbe00000,0x00000000fbe00000,0x00000000fd400000)
 ParOldGen       total 70656K, used 34279K [0x00000000a4600000, 0x00000000a8b00000, 0x00000000e1780000)
  object space 70656K, 48% used [0x00000000a4600000,0x00000000a6779ca0,0x00000000a8b00000)
 Metaspace       used 52772K, capacity 55170K, committed 55552K, reserved 1097728K
  class space    used 7151K, capacity 7606K, committed 7680K, reserved 1048576K
}
Event: 48,187 GC heap before
{Heap before GC invocations=15 (full 2):
 PSYoungGen      total 443392K, used 442976K [0x00000000e1780000, 0x00000000fea00000, 0x0000000100000000)
  eden space 432640K, 100% used [0x00000000e1780000,0x00000000fbe00000,0x00000000fbe00000)
  from space 10752K, 96% used [0x00000000fdf80000,0x00000000fe998170,0x00000000fea00000)
  to   space 22528K, 0% used [0x00000000fbe00000,0x00000000fbe00000,0x00000000fd400000)
 ParOldGen       total 70656K, used 34279K [0x00000000a4600000, 0x00000000a8b00000, 0x00000000e1780000)
  object space 70656K, 48% used [0x00000000a4600000,0x00000000a6779ca0,0x00000000a8b00000)
 Metaspace       used 52772K, capacity 55170K, committed 55552K, reserved 1097728K
  class space    used 7151K, capacity 7606K, committed 7680K, reserved 1048576K
Event: 48,201 GC heap after
Heap after GC invocations=15 (full 2):
 PSYoungGen      total 455168K, used 8192K [0x00000000e1780000, 0x0000000100000000, 0x0000000100000000)
  eden space 432640K, 0% used [0x00000000e1780000,0x00000000e1780000,0x00000000fbe00000)
  from space 22528K, 36% used [0x00000000fbe00000,0x00000000fc600120,0x00000000fd400000)
  to   space 21504K, 0% used [0x00000000feb00000,0x00000000feb00000,0x0000000100000000)
 ParOldGen       total 70656K, used 34279K [0x00000000a4600000, 0x00000000a8b00000, 0x00000000e1780000)
  object space 70656K, 48% used [0x00000000a4600000,0x00000000a6779ca0,0x00000000a8b00000)
 Metaspace       used 52772K, capacity 55170K, committed 55552K, reserved 1097728K
  class space    used 7151K, capacity 7606K, committed 7680K, reserved 1048576K
}
Event: 61,050 GC heap before
{Heap before GC invocations=16 (full 2):
 PSYoungGen      total 455168K, used 440832K [0x00000000e1780000, 0x0000000100000000, 0x0000000100000000)
  eden space 432640K, 100% used [0x00000000e1780000,0x00000000fbe00000,0x00000000fbe00000)
  from space 22528K, 36% used [0x00000000fbe00000,0x00000000fc600120,0x00000000fd400000)
  to   space 21504K, 0% used [0x00000000feb00000,0x00000000feb00000,0x0000000100000000)
 ParOldGen       total 70656K, used 34279K [0x00000000a4600000, 0x00000000a8b00000, 0x00000000e1780000)
  object space 70656K, 48% used [0x00000000a4600000,0x00000000a6779ca0,0x00000000a8b00000)
 Metaspace       used 52773K, capacity 55170K, committed 55552K, reserved 1097728K
  class space    used 7151K, capacity 7606K, committed 7680K, reserved 1048576K
Event: 61,060 GC heap after
Heap after GC invocations=16 (full 2):
 PSYoungGen      total 475648K, used 9088K [0x00000000e1780000, 0x00000000ffe00000, 0x0000000100000000)
  eden space 456192K, 0% used [0x00000000e1780000,0x00000000e1780000,0x00000000fd500000)
  from space 19456K, 46% used [0x00000000feb00000,0x00000000ff3e0170,0x00000000ffe00000)
  to   space 20992K, 0% used [0x00000000fd500000,0x00000000fd500000,0x00000000fe980000)
 ParOldGen       total 70656K, used 34287K [0x00000000a4600000, 0x00000000a8b00000, 0x00000000e1780000)
  object space 70656K, 48% used [0x00000000a4600000,0x00000000a677bca0,0x00000000a8b00000)
 Metaspace       used 52773K, capacity 55170K, committed 55552K, reserved 1097728K
  class space    used 7151K, capacity 7606K, committed 7680K, reserved 1048576K
}

